{"C:\\Users\\Carlos\\Documents\\Pruebas\\BubbleSort.js": {"path":"C:\\Users\\Carlos\\Documents\\Pruebas\\BubbleSort.js","statementMap":{"0":{"start":{"line":2,"column":12},"end":{"line":2,"column":22}},"1":{"start":{"line":4,"column":2},"end":{"line":12,"column":20}},"2":{"start":{"line":5,"column":4},"end":{"line":5,"column":20}},"3":{"start":{"line":6,"column":4},"end":{"line":11,"column":5}},"4":{"start":{"line":6,"column":17},"end":{"line":6,"column":18}},"5":{"start":{"line":7,"column":6},"end":{"line":10,"column":7}},"6":{"start":{"line":8,"column":8},"end":{"line":8,"column":52}},"7":{"start":{"line":9,"column":8},"end":{"line":9,"column":23}},"8":{"start":{"line":14,"column":0},"end":{"line":14,"column":28}}},"fnMap":{"0":{"name":"bubbleSort","decl":{"start":{"line":1,"column":9},"end":{"line":1,"column":19}},"loc":{"start":{"line":1,"column":25},"end":{"line":13,"column":1}},"line":1}},"branchMap":{"0":{"loc":{"start":{"line":7,"column":6},"end":{"line":10,"column":7}},"type":"if","locations":[{"start":{"line":7,"column":6},"end":{"line":10,"column":7}},{"start":{},"end":{}}],"line":7}},"s":{"0":4,"1":4,"2":11,"3":11,"4":11,"5":40,"6":14,"7":14,"8":1},"f":{"0":4},"b":{"0":[14,26]},"_coverageSchema":"1a1c01bbd47fc00a2c39e90264f33305004495a9","hash":"934c905f2030b48c6cbddfcdfc1deb40b5c38e19"}
,"C:\\Users\\Carlos\\Documents\\Pruebas\\MergeSort.js": {"path":"C:\\Users\\Carlos\\Documents\\Pruebas\\MergeSort.js","statementMap":{"0":{"start":{"line":2,"column":2},"end":{"line":4,"column":3}},"1":{"start":{"line":3,"column":4},"end":{"line":3,"column":15}},"2":{"start":{"line":6,"column":14},"end":{"line":6,"column":40}},"3":{"start":{"line":7,"column":15},"end":{"line":7,"column":32}},"4":{"start":{"line":8,"column":16},"end":{"line":8,"column":30}},"5":{"start":{"line":10,"column":21},"end":{"line":10,"column":36}},"6":{"start":{"line":11,"column":22},"end":{"line":11,"column":38}},"7":{"start":{"line":13,"column":2},"end":{"line":13,"column":40}},"8":{"start":{"line":17,"column":20},"end":{"line":17,"column":22}},"9":{"start":{"line":18,"column":10},"end":{"line":18,"column":11}},"10":{"start":{"line":19,"column":10},"end":{"line":19,"column":11}},"11":{"start":{"line":21,"column":2},"end":{"line":29,"column":3}},"12":{"start":{"line":22,"column":4},"end":{"line":28,"column":5}},"13":{"start":{"line":23,"column":6},"end":{"line":23,"column":30}},"14":{"start":{"line":24,"column":6},"end":{"line":24,"column":10}},"15":{"start":{"line":26,"column":6},"end":{"line":26,"column":31}},"16":{"start":{"line":27,"column":6},"end":{"line":27,"column":10}},"17":{"start":{"line":31,"column":2},"end":{"line":34,"column":3}},"18":{"start":{"line":32,"column":4},"end":{"line":32,"column":28}},"19":{"start":{"line":33,"column":4},"end":{"line":33,"column":8}},"20":{"start":{"line":36,"column":2},"end":{"line":39,"column":3}},"21":{"start":{"line":37,"column":4},"end":{"line":37,"column":29}},"22":{"start":{"line":38,"column":4},"end":{"line":38,"column":8}},"23":{"start":{"line":41,"column":2},"end":{"line":41,"column":19}},"24":{"start":{"line":44,"column":0},"end":{"line":44,"column":27}}},"fnMap":{"0":{"name":"mergeSort","decl":{"start":{"line":1,"column":9},"end":{"line":1,"column":18}},"loc":{"start":{"line":1,"column":24},"end":{"line":14,"column":1}},"line":1},"1":{"name":"merge","decl":{"start":{"line":16,"column":9},"end":{"line":16,"column":14}},"loc":{"start":{"line":16,"column":28},"end":{"line":42,"column":1}},"line":16}},"branchMap":{"0":{"loc":{"start":{"line":2,"column":2},"end":{"line":4,"column":3}},"type":"if","locations":[{"start":{"line":2,"column":2},"end":{"line":4,"column":3}},{"start":{},"end":{}}],"line":2},"1":{"loc":{"start":{"line":21,"column":9},"end":{"line":21,"column":44}},"type":"binary-expr","locations":[{"start":{"line":21,"column":9},"end":{"line":21,"column":24}},{"start":{"line":21,"column":28},"end":{"line":21,"column":44}}],"line":21},"2":{"loc":{"start":{"line":22,"column":4},"end":{"line":28,"column":5}},"type":"if","locations":[{"start":{"line":22,"column":4},"end":{"line":28,"column":5}},{"start":{"line":25,"column":11},"end":{"line":28,"column":5}}],"line":22}},"s":{"0":28,"1":16,"2":12,"3":12,"4":12,"5":12,"6":12,"7":12,"8":12,"9":12,"10":12,"11":12,"12":19,"13":9,"14":9,"15":10,"16":10,"17":12,"18":6,"19":6,"20":12,"21":11,"22":11,"23":12,"24":1},"f":{"0":28,"1":12},"b":{"0":[16,12],"1":[31,24],"2":[9,10]},"_coverageSchema":"1a1c01bbd47fc00a2c39e90264f33305004495a9","hash":"74b9ad49d2fe7a19a6bd55273c69d2662dee9d1f"}
,"C:\\Users\\Carlos\\Documents\\Pruebas\\QuickSort.js": {"path":"C:\\Users\\Carlos\\Documents\\Pruebas\\QuickSort.js","statementMap":{"0":{"start":{"line":2,"column":2},"end":{"line":7,"column":3}},"1":{"start":{"line":3,"column":15},"end":{"line":3,"column":40}},"2":{"start":{"line":5,"column":4},"end":{"line":5,"column":32}},"3":{"start":{"line":6,"column":4},"end":{"line":6,"column":33}},"4":{"start":{"line":11,"column":16},"end":{"line":11,"column":25}},"5":{"start":{"line":12,"column":10},"end":{"line":12,"column":17}},"6":{"start":{"line":14,"column":2},"end":{"line":19,"column":3}},"7":{"start":{"line":14,"column":15},"end":{"line":14,"column":18}},"8":{"start":{"line":15,"column":4},"end":{"line":18,"column":5}},"9":{"start":{"line":16,"column":6},"end":{"line":16,"column":10}},"10":{"start":{"line":17,"column":6},"end":{"line":17,"column":42}},"11":{"start":{"line":21,"column":2},"end":{"line":21,"column":52}},"12":{"start":{"line":22,"column":2},"end":{"line":22,"column":15}},"13":{"start":{"line":25,"column":0},"end":{"line":25,"column":27}}},"fnMap":{"0":{"name":"quickSort","decl":{"start":{"line":1,"column":9},"end":{"line":1,"column":18}},"loc":{"start":{"line":1,"column":35},"end":{"line":8,"column":1}},"line":1},"1":{"name":"partition","decl":{"start":{"line":10,"column":9},"end":{"line":10,"column":18}},"loc":{"start":{"line":10,"column":35},"end":{"line":23,"column":1}},"line":10}},"branchMap":{"0":{"loc":{"start":{"line":2,"column":2},"end":{"line":7,"column":3}},"type":"if","locations":[{"start":{"line":2,"column":2},"end":{"line":7,"column":3}},{"start":{},"end":{}}],"line":2},"1":{"loc":{"start":{"line":15,"column":4},"end":{"line":18,"column":5}},"type":"if","locations":[{"start":{"line":15,"column":4},"end":{"line":18,"column":5}},{"start":{},"end":{}}],"line":15}},"s":{"0":26,"1":11,"2":11,"3":11,"4":11,"5":11,"6":11,"7":11,"8":29,"9":19,"10":19,"11":11,"12":11,"13":1},"f":{"0":26,"1":11},"b":{"0":[11,15],"1":[19,10]},"_coverageSchema":"1a1c01bbd47fc00a2c39e90264f33305004495a9","hash":"31f9b431ee62296a89409e2437119c032d4beef1"}
,"C:\\Users\\Carlos\\Documents\\Pruebas\\busqueda_binaria.js": {"path":"C:\\Users\\Carlos\\Documents\\Pruebas\\busqueda_binaria.js","statementMap":{"0":{"start":{"line":4,"column":17},"end":{"line":4,"column":18}},"1":{"start":{"line":5,"column":14},"end":{"line":5,"column":30}},"2":{"start":{"line":7,"column":4},"end":{"line":17,"column":5}},"3":{"start":{"line":8,"column":18},"end":{"line":8,"column":48}},"4":{"start":{"line":10,"column":6},"end":{"line":16,"column":7}},"5":{"start":{"line":11,"column":8},"end":{"line":11,"column":21}},"6":{"start":{"line":12,"column":13},"end":{"line":16,"column":7}},"7":{"start":{"line":13,"column":8},"end":{"line":13,"column":27}},"8":{"start":{"line":15,"column":8},"end":{"line":15,"column":24}},"9":{"start":{"line":19,"column":4},"end":{"line":19,"column":14}},"10":{"start":{"line":23,"column":2},"end":{"line":23,"column":35}}},"fnMap":{"0":{"name":"busquedaBinaria","decl":{"start":{"line":3,"column":9},"end":{"line":3,"column":24}},"loc":{"start":{"line":3,"column":39},"end":{"line":20,"column":3}},"line":3}},"branchMap":{"0":{"loc":{"start":{"line":10,"column":6},"end":{"line":16,"column":7}},"type":"if","locations":[{"start":{"line":10,"column":6},"end":{"line":16,"column":7}},{"start":{"line":12,"column":13},"end":{"line":16,"column":7}}],"line":10},"1":{"loc":{"start":{"line":12,"column":13},"end":{"line":16,"column":7}},"type":"if","locations":[{"start":{"line":12,"column":13},"end":{"line":16,"column":7}},{"start":{"line":14,"column":13},"end":{"line":16,"column":7}}],"line":12}},"s":{"0":4,"1":4,"2":4,"3":5,"4":5,"5":2,"6":3,"7":2,"8":1,"9":2,"10":1},"f":{"0":4},"b":{"0":[2,3],"1":[2,1]},"_coverageSchema":"1a1c01bbd47fc00a2c39e90264f33305004495a9","hash":"8b856128627ea70d0daf2f87da99585fc825c73a"}
,"C:\\Users\\Carlos\\Documents\\Pruebas\\busqueda_lineal.js": {"path":"C:\\Users\\Carlos\\Documents\\Pruebas\\busqueda_lineal.js","statementMap":{"0":{"start":{"line":4,"column":19},"end":{"line":4,"column":24}},"1":{"start":{"line":5,"column":15},"end":{"line":5,"column":17}},"2":{"start":{"line":7,"column":2},"end":{"line":13,"column":3}},"3":{"start":{"line":7,"column":15},"end":{"line":7,"column":16}},"4":{"start":{"line":8,"column":4},"end":{"line":12,"column":5}},"5":{"start":{"line":9,"column":6},"end":{"line":9,"column":24}},"6":{"start":{"line":10,"column":6},"end":{"line":10,"column":17}},"7":{"start":{"line":11,"column":6},"end":{"line":11,"column":12}},"8":{"start":{"line":15,"column":2},"end":{"line":15,"column":32}},"9":{"start":{"line":18,"column":0},"end":{"line":18,"column":32}}},"fnMap":{"0":{"name":"busquedaLineal","decl":{"start":{"line":3,"column":9},"end":{"line":3,"column":23}},"loc":{"start":{"line":3,"column":38},"end":{"line":16,"column":1}},"line":3}},"branchMap":{"0":{"loc":{"start":{"line":8,"column":4},"end":{"line":12,"column":5}},"type":"if","locations":[{"start":{"line":8,"column":4},"end":{"line":12,"column":5}},{"start":{},"end":{}}],"line":8}},"s":{"0":2,"1":2,"2":2,"3":2,"4":8,"5":1,"6":1,"7":1,"8":2,"9":1},"f":{"0":2},"b":{"0":[1,7]},"_coverageSchema":"1a1c01bbd47fc00a2c39e90264f33305004495a9","hash":"135cf35ed7b750c5ec09b690f0621d62490c93a2"}
,"C:\\Users\\Carlos\\Documents\\Pruebas\\busqueda_profundida.js": {"path":"C:\\Users\\Carlos\\Documents\\Pruebas\\busqueda_profundida.js","statementMap":{"0":{"start":{"line":4,"column":2},"end":{"line":6,"column":3}},"1":{"start":{"line":5,"column":4},"end":{"line":5,"column":16}},"2":{"start":{"line":8,"column":2},"end":{"line":8,"column":29}},"3":{"start":{"line":10,"column":2},"end":{"line":19,"column":3}},"4":{"start":{"line":11,"column":4},"end":{"line":18,"column":5}},"5":{"start":{"line":13,"column":6},"end":{"line":17,"column":7}},"6":{"start":{"line":14,"column":8},"end":{"line":16,"column":9}},"7":{"start":{"line":15,"column":10},"end":{"line":15,"column":22}},"8":{"start":{"line":21,"column":2},"end":{"line":21,"column":15}},"9":{"start":{"line":24,"column":2},"end":{"line":24,"column":29}}},"fnMap":{"0":{"name":"buscarDFS","decl":{"start":{"line":3,"column":9},"end":{"line":3,"column":18}},"loc":{"start":{"line":3,"column":73},"end":{"line":22,"column":1}},"line":3}},"branchMap":{"0":{"loc":{"start":{"line":3,"column":50},"end":{"line":3,"column":71}},"type":"default-arg","locations":[{"start":{"line":3,"column":62},"end":{"line":3,"column":71}}],"line":3},"1":{"loc":{"start":{"line":4,"column":2},"end":{"line":6,"column":3}},"type":"if","locations":[{"start":{"line":4,"column":2},"end":{"line":6,"column":3}},{"start":{},"end":{}}],"line":4},"2":{"loc":{"start":{"line":11,"column":4},"end":{"line":18,"column":5}},"type":"if","locations":[{"start":{"line":11,"column":4},"end":{"line":18,"column":5}},{"start":{},"end":{}}],"line":11},"3":{"loc":{"start":{"line":13,"column":6},"end":{"line":17,"column":7}},"type":"if","locations":[{"start":{"line":13,"column":6},"end":{"line":17,"column":7}},{"start":{},"end":{}}],"line":13},"4":{"loc":{"start":{"line":14,"column":8},"end":{"line":16,"column":9}},"type":"if","locations":[{"start":{"line":14,"column":8},"end":{"line":16,"column":9}},{"start":{},"end":{}}],"line":14}},"s":{"0":9,"1":1,"2":8,"3":8,"4":8,"5":7,"6":7,"7":3,"8":5,"9":1},"f":{"0":9},"b":{"0":[2],"1":[1,8],"2":[7,1],"3":[7,0],"4":[3,4]},"_coverageSchema":"1a1c01bbd47fc00a2c39e90264f33305004495a9","hash":"3a7f77cb9f975acd47d37bb1edec5aad254b7228"}
,"C:\\Users\\Carlos\\Documents\\Pruebas\\busqueda_texto.js": {"path":"C:\\Users\\Carlos\\Documents\\Pruebas\\busqueda_texto.js","statementMap":{"0":{"start":{"line":4,"column":4},"end":{"line":6,"column":5}},"1":{"start":{"line":5,"column":6},"end":{"line":5,"column":16}},"2":{"start":{"line":8,"column":21},"end":{"line":8,"column":33}},"3":{"start":{"line":9,"column":25},"end":{"line":9,"column":41}},"4":{"start":{"line":11,"column":4},"end":{"line":13,"column":5}},"5":{"start":{"line":12,"column":6},"end":{"line":12,"column":16}},"6":{"start":{"line":15,"column":4},"end":{"line":26,"column":5}},"7":{"start":{"line":15,"column":17},"end":{"line":15,"column":18}},"8":{"start":{"line":17,"column":6},"end":{"line":21,"column":7}},"9":{"start":{"line":18,"column":8},"end":{"line":20,"column":9}},"10":{"start":{"line":19,"column":10},"end":{"line":19,"column":16}},"11":{"start":{"line":23,"column":6},"end":{"line":25,"column":7}},"12":{"start":{"line":24,"column":8},"end":{"line":24,"column":17}},"13":{"start":{"line":28,"column":4},"end":{"line":28,"column":14}},"14":{"start":{"line":31,"column":2},"end":{"line":31,"column":31}}},"fnMap":{"0":{"name":"buscarTexto","decl":{"start":{"line":3,"column":9},"end":{"line":3,"column":20}},"loc":{"start":{"line":3,"column":39},"end":{"line":29,"column":3}},"line":3}},"branchMap":{"0":{"loc":{"start":{"line":4,"column":4},"end":{"line":6,"column":5}},"type":"if","locations":[{"start":{"line":4,"column":4},"end":{"line":6,"column":5}},{"start":{},"end":{}}],"line":4},"1":{"loc":{"start":{"line":4,"column":8},"end":{"line":4,"column":28}},"type":"binary-expr","locations":[{"start":{"line":4,"column":8},"end":{"line":4,"column":14}},{"start":{"line":4,"column":18},"end":{"line":4,"column":28}}],"line":4},"2":{"loc":{"start":{"line":11,"column":4},"end":{"line":13,"column":5}},"type":"if","locations":[{"start":{"line":11,"column":4},"end":{"line":13,"column":5}},{"start":{},"end":{}}],"line":11},"3":{"loc":{"start":{"line":18,"column":8},"end":{"line":20,"column":9}},"type":"if","locations":[{"start":{"line":18,"column":8},"end":{"line":20,"column":9}},{"start":{},"end":{}}],"line":18},"4":{"loc":{"start":{"line":23,"column":6},"end":{"line":25,"column":7}},"type":"if","locations":[{"start":{"line":23,"column":6},"end":{"line":25,"column":7}},{"start":{},"end":{}}],"line":23}},"s":{"0":5,"1":2,"2":3,"3":3,"4":3,"5":1,"6":2,"7":2,"8":110,"9":125,"10":109,"11":110,"12":1,"13":1,"14":1},"f":{"0":5},"b":{"0":[2,3],"1":[5,4],"2":[1,2],"3":[109,16],"4":[1,109]},"_coverageSchema":"1a1c01bbd47fc00a2c39e90264f33305004495a9","hash":"cc7f8a83e072d55636db93b020ab9fdc6ccd5933"}
}
