TN:
SF:BubbleSort.js
FN:1,bubbleSort
FNF:1
FNH:1
FNDA:4,bubbleSort
DA:2,4
DA:4,4
DA:5,11
DA:6,11
DA:7,40
DA:8,14
DA:9,14
DA:14,1
LF:8
LH:8
BRDA:7,0,0,14
BRDA:7,0,1,26
BRF:2
BRH:2
end_of_record
TN:
SF:MergeSort.js
FN:1,mergeSort
FN:16,merge
FNF:2
FNH:2
FNDA:28,mergeSort
FNDA:12,merge
DA:2,28
DA:3,16
DA:6,12
DA:7,12
DA:8,12
DA:10,12
DA:11,12
DA:13,12
DA:17,12
DA:18,12
DA:19,12
DA:21,12
DA:22,19
DA:23,9
DA:24,9
DA:26,10
DA:27,10
DA:31,12
DA:32,6
DA:33,6
DA:36,12
DA:37,11
DA:38,11
DA:41,12
DA:44,1
LF:25
LH:25
BRDA:2,0,0,16
BRDA:2,0,1,12
BRDA:21,1,0,31
BRDA:21,1,1,24
BRDA:22,2,0,9
BRDA:22,2,1,10
BRF:6
BRH:6
end_of_record
TN:
SF:QuickSort.js
FN:1,quickSort
FN:10,partition
FNF:2
FNH:2
FNDA:26,quickSort
FNDA:11,partition
DA:2,26
DA:3,11
DA:5,11
DA:6,11
DA:11,11
DA:12,11
DA:14,11
DA:15,29
DA:16,19
DA:17,19
DA:21,11
DA:22,11
DA:25,1
LF:13
LH:13
BRDA:2,0,0,11
BRDA:2,0,1,15
BRDA:15,1,0,19
BRDA:15,1,1,10
BRF:4
BRH:4
end_of_record
TN:
SF:busqueda_binaria.js
FN:3,busquedaBinaria
FNF:1
FNH:1
FNDA:4,busquedaBinaria
DA:4,4
DA:5,4
DA:7,4
DA:8,5
DA:10,5
DA:11,2
DA:12,3
DA:13,2
DA:15,1
DA:19,2
DA:23,1
LF:11
LH:11
BRDA:10,0,0,2
BRDA:10,0,1,3
BRDA:12,1,0,2
BRDA:12,1,1,1
BRF:4
BRH:4
end_of_record
TN:
SF:busqueda_lineal.js
FN:3,busquedaLineal
FNF:1
FNH:1
FNDA:2,busquedaLineal
DA:4,2
DA:5,2
DA:7,2
DA:8,8
DA:9,1
DA:10,1
DA:11,1
DA:15,2
DA:18,1
LF:9
LH:9
BRDA:8,0,0,1
BRDA:8,0,1,7
BRF:2
BRH:2
end_of_record
TN:
SF:busqueda_profundida.js
FN:3,buscarDFS
FNF:1
FNH:1
FNDA:9,buscarDFS
DA:4,9
DA:5,1
DA:8,8
DA:10,8
DA:11,8
DA:13,7
DA:14,7
DA:15,3
DA:21,5
DA:24,1
LF:10
LH:10
BRDA:3,0,0,2
BRDA:4,1,0,1
BRDA:4,1,1,8
BRDA:11,2,0,7
BRDA:11,2,1,1
BRDA:13,3,0,7
BRDA:13,3,1,0
BRDA:14,4,0,3
BRDA:14,4,1,4
BRF:9
BRH:8
end_of_record
TN:
SF:busqueda_texto.js
FN:3,buscarTexto
FNF:1
FNH:1
FNDA:5,buscarTexto
DA:4,5
DA:5,2
DA:8,3
DA:9,3
DA:11,3
DA:12,1
DA:15,2
DA:17,110
DA:18,125
DA:19,109
DA:23,110
DA:24,1
DA:28,1
DA:31,1
LF:14
LH:14
BRDA:4,0,0,2
BRDA:4,0,1,3
BRDA:4,1,0,5
BRDA:4,1,1,4
BRDA:11,2,0,1
BRDA:11,2,1,2
BRDA:18,3,0,109
BRDA:18,3,1,16
BRDA:23,4,0,1
BRDA:23,4,1,109
BRF:10
BRH:10
end_of_record
